mode: set
github.com/gotasma/internal/app/user/handlers.go:29.39,33.2 1 0
github.com/gotasma/internal/app/user/handlers.go:35.68,38.61 2 0
github.com/gotasma/internal/app/user/handlers.go:43.2,47.16 4 0
github.com/gotasma/internal/app/user/handlers.go:52.2,54.4 1 0
github.com/gotasma/internal/app/user/handlers.go:38.61,42.3 3 0
github.com/gotasma/internal/app/user/handlers.go:47.16,51.3 3 0
github.com/gotasma/internal/app/user/handlers.go:57.69,59.61 2 0
github.com/gotasma/internal/app/user/handlers.go:64.2,69.16 4 0
github.com/gotasma/internal/app/user/handlers.go:74.2,76.4 1 0
github.com/gotasma/internal/app/user/handlers.go:59.61,63.3 3 0
github.com/gotasma/internal/app/user/handlers.go:69.16,73.3 3 0
github.com/gotasma/internal/app/user/handlers.go:79.70,81.16 2 0
github.com/gotasma/internal/app/user/handlers.go:86.2,88.4 1 0
github.com/gotasma/internal/app/user/handlers.go:81.16,85.3 3 0
github.com/gotasma/internal/app/user/handlers.go:91.66,94.14 2 0
github.com/gotasma/internal/app/user/handlers.go:100.2,100.54 1 0
github.com/gotasma/internal/app/user/handlers.go:106.2,110.4 1 0
github.com/gotasma/internal/app/user/handlers.go:94.14,98.3 3 0
github.com/gotasma/internal/app/user/handlers.go:100.54,104.3 3 0
github.com/gotasma/internal/app/user/handlers_router.go:10.43,37.2 1 0
github.com/gotasma/internal/app/user/repos.go:19.69,23.2 1 0
github.com/gotasma/internal/app/user/repos.go:25.91,31.53 5 0
github.com/gotasma/internal/app/user/repos.go:34.2,34.25 1 0
github.com/gotasma/internal/app/user/repos.go:31.53,33.3 1 0
github.com/gotasma/internal/app/user/repos.go:37.97,42.66 5 0
github.com/gotasma/internal/app/user/repos.go:45.2,45.18 1 0
github.com/gotasma/internal/app/user/repos.go:42.66,44.3 1 0
github.com/gotasma/internal/app/user/repos.go:48.102,53.67 5 0
github.com/gotasma/internal/app/user/repos.go:56.2,56.19 1 0
github.com/gotasma/internal/app/user/repos.go:53.67,55.3 1 0
github.com/gotasma/internal/app/user/repos.go:58.104,65.67 5 0
github.com/gotasma/internal/app/user/repos.go:68.2,68.19 1 0
github.com/gotasma/internal/app/user/repos.go:65.67,67.3 1 0
github.com/gotasma/internal/app/user/repos.go:71.95,76.67 5 0
github.com/gotasma/internal/app/user/repos.go:79.2,79.19 1 0
github.com/gotasma/internal/app/user/repos.go:76.67,78.3 1 0
github.com/gotasma/internal/app/user/repos.go:82.74,86.2 3 0
github.com/gotasma/internal/app/user/repos.go:88.125,102.2 3 0
github.com/gotasma/internal/app/user/repos.go:104.72,106.2 1 0
github.com/gotasma/internal/app/user/services.go:39.58,44.2 1 1
github.com/gotasma/internal/app/user/services.go:46.98,48.48 1 1
github.com/gotasma/internal/app/user/services.go:54.2,56.42 2 1
github.com/gotasma/internal/app/user/services.go:61.2,61.25 1 1
github.com/gotasma/internal/app/user/services.go:67.2,68.16 2 1
github.com/gotasma/internal/app/user/services.go:72.2,83.52 3 1
github.com/gotasma/internal/app/user/services.go:88.2,88.26 1 1
github.com/gotasma/internal/app/user/services.go:48.48,52.3 3 1
github.com/gotasma/internal/app/user/services.go:56.42,59.3 2 1
github.com/gotasma/internal/app/user/services.go:61.25,65.3 3 1
github.com/gotasma/internal/app/user/services.go:68.16,70.3 1 0
github.com/gotasma/internal/app/user/services.go:83.52,86.3 2 1
github.com/gotasma/internal/app/user/services.go:91.99,94.93 1 1
github.com/gotasma/internal/app/user/services.go:97.2,97.48 1 1
github.com/gotasma/internal/app/user/services.go:103.2,104.42 2 1
github.com/gotasma/internal/app/user/services.go:109.2,109.25 1 0
github.com/gotasma/internal/app/user/services.go:115.2,116.16 2 0
github.com/gotasma/internal/app/user/services.go:120.2,132.52 3 0
github.com/gotasma/internal/app/user/services.go:137.2,137.26 1 0
github.com/gotasma/internal/app/user/services.go:94.93,96.3 1 1
github.com/gotasma/internal/app/user/services.go:97.48,101.3 3 1
github.com/gotasma/internal/app/user/services.go:104.42,107.3 2 1
github.com/gotasma/internal/app/user/services.go:109.25,113.3 3 0
github.com/gotasma/internal/app/user/services.go:116.16,118.3 1 0
github.com/gotasma/internal/app/user/services.go:132.52,135.3 2 0
github.com/gotasma/internal/app/user/services.go:140.65,142.16 2 1
github.com/gotasma/internal/app/user/services.go:146.2,146.24 1 1
github.com/gotasma/internal/app/user/services.go:142.16,145.3 2 0
github.com/gotasma/internal/app/user/services.go:149.90,151.42 2 0
github.com/gotasma/internal/app/user/services.go:155.2,155.27 1 0
github.com/gotasma/internal/app/user/services.go:159.2,159.95 1 0
github.com/gotasma/internal/app/user/services.go:163.2,163.26 1 0
github.com/gotasma/internal/app/user/services.go:151.42,154.3 2 0
github.com/gotasma/internal/app/user/services.go:155.27,158.3 2 0
github.com/gotasma/internal/app/user/services.go:159.95,162.3 2 0
github.com/gotasma/internal/app/user/services.go:166.78,167.93 1 0
github.com/gotasma/internal/app/user/services.go:171.2,174.16 3 0
github.com/gotasma/internal/app/user/services.go:178.2,179.28 2 0
github.com/gotasma/internal/app/user/services.go:191.2,191.18 1 0
github.com/gotasma/internal/app/user/services.go:167.93,169.3 1 0
github.com/gotasma/internal/app/user/services.go:174.16,177.3 2 0
github.com/gotasma/internal/app/user/services.go:179.28,190.3 1 0
github.com/gotasma/internal/app/user/services.go:194.64,195.93 1 0
github.com/gotasma/internal/app/user/services.go:199.2,200.42 2 0
github.com/gotasma/internal/app/user/services.go:205.2,205.27 1 0
github.com/gotasma/internal/app/user/services.go:209.2,209.27 1 0
github.com/gotasma/internal/app/user/services.go:214.2,214.31 1 0
github.com/gotasma/internal/app/user/services.go:195.93,197.3 1 0
github.com/gotasma/internal/app/user/services.go:200.42,203.3 2 0
github.com/gotasma/internal/app/user/services.go:205.27,208.3 2 0
github.com/gotasma/internal/app/user/services.go:209.27,212.3 2 0
github.com/gotasma/internal/app/user/services.go:217.87,221.42 2 0
github.com/gotasma/internal/app/user/services.go:226.2,226.27 1 0
github.com/gotasma/internal/app/user/services.go:231.2,231.16 1 0
github.com/gotasma/internal/app/user/services.go:221.42,224.3 2 0
github.com/gotasma/internal/app/user/services.go:226.27,229.3 2 0
github.com/gotasma/internal/app/user/services.go:234.97,239.42 2 0
github.com/gotasma/internal/app/user/services.go:244.2,244.27 1 0
github.com/gotasma/internal/app/user/services.go:249.2,250.28 2 0
github.com/gotasma/internal/app/user/services.go:262.2,262.18 1 0
github.com/gotasma/internal/app/user/services.go:239.42,242.3 2 0
github.com/gotasma/internal/app/user/services.go:244.27,247.3 2 0
github.com/gotasma/internal/app/user/services.go:250.28,261.3 1 0
