mode: set
github.com/gotasma/internal/app/user/handlers.go:29.39,33.2 1 0
github.com/gotasma/internal/app/user/handlers.go:35.68,38.61 2 0
github.com/gotasma/internal/app/user/handlers.go:43.2,47.16 4 0
github.com/gotasma/internal/app/user/handlers.go:52.2,54.4 1 0
github.com/gotasma/internal/app/user/handlers.go:38.61,42.3 3 0
github.com/gotasma/internal/app/user/handlers.go:47.16,51.3 3 0
github.com/gotasma/internal/app/user/handlers.go:57.69,59.61 2 0
github.com/gotasma/internal/app/user/handlers.go:64.2,69.16 4 0
github.com/gotasma/internal/app/user/handlers.go:74.2,76.4 1 0
github.com/gotasma/internal/app/user/handlers.go:59.61,63.3 3 0
github.com/gotasma/internal/app/user/handlers.go:69.16,73.3 3 0
github.com/gotasma/internal/app/user/handlers.go:79.70,81.16 2 0
github.com/gotasma/internal/app/user/handlers.go:86.2,88.4 1 0
github.com/gotasma/internal/app/user/handlers.go:81.16,85.3 3 0
github.com/gotasma/internal/app/user/handlers.go:91.66,94.14 2 0
github.com/gotasma/internal/app/user/handlers.go:100.2,100.54 1 0
github.com/gotasma/internal/app/user/handlers.go:106.2,110.4 1 0
github.com/gotasma/internal/app/user/handlers.go:94.14,98.3 3 0
github.com/gotasma/internal/app/user/handlers.go:100.54,104.3 3 0
github.com/gotasma/internal/app/user/handlers_router.go:10.43,37.2 1 0
github.com/gotasma/internal/app/user/repos.go:19.69,23.2 1 0
github.com/gotasma/internal/app/user/repos.go:25.91,31.53 5 0
github.com/gotasma/internal/app/user/repos.go:34.2,34.25 1 0
github.com/gotasma/internal/app/user/repos.go:31.53,33.3 1 0
github.com/gotasma/internal/app/user/repos.go:37.97,42.66 5 0
github.com/gotasma/internal/app/user/repos.go:45.2,45.18 1 0
github.com/gotasma/internal/app/user/repos.go:42.66,44.3 1 0
github.com/gotasma/internal/app/user/repos.go:48.102,53.67 5 0
github.com/gotasma/internal/app/user/repos.go:56.2,56.19 1 0
github.com/gotasma/internal/app/user/repos.go:53.67,55.3 1 0
github.com/gotasma/internal/app/user/repos.go:58.104,65.67 5 0
github.com/gotasma/internal/app/user/repos.go:68.2,68.19 1 0
github.com/gotasma/internal/app/user/repos.go:65.67,67.3 1 0
github.com/gotasma/internal/app/user/repos.go:71.95,76.67 5 0
github.com/gotasma/internal/app/user/repos.go:79.2,79.19 1 0
github.com/gotasma/internal/app/user/repos.go:76.67,78.3 1 0
github.com/gotasma/internal/app/user/repos.go:82.74,86.2 3 0
github.com/gotasma/internal/app/user/repos.go:88.72,90.2 1 0
github.com/gotasma/internal/app/user/services.go:38.58,43.2 1 1
github.com/gotasma/internal/app/user/services.go:45.98,47.48 1 1
github.com/gotasma/internal/app/user/services.go:53.2,55.42 2 1
github.com/gotasma/internal/app/user/services.go:60.2,60.25 1 1
github.com/gotasma/internal/app/user/services.go:66.2,67.16 2 1
github.com/gotasma/internal/app/user/services.go:71.2,82.52 3 1
github.com/gotasma/internal/app/user/services.go:87.2,87.26 1 1
github.com/gotasma/internal/app/user/services.go:47.48,51.3 3 1
github.com/gotasma/internal/app/user/services.go:55.42,58.3 2 1
github.com/gotasma/internal/app/user/services.go:60.25,64.3 3 1
github.com/gotasma/internal/app/user/services.go:67.16,69.3 1 0
github.com/gotasma/internal/app/user/services.go:82.52,85.3 2 1
github.com/gotasma/internal/app/user/services.go:90.99,93.93 1 1
github.com/gotasma/internal/app/user/services.go:96.2,96.48 1 1
github.com/gotasma/internal/app/user/services.go:102.2,103.42 2 1
github.com/gotasma/internal/app/user/services.go:108.2,108.25 1 1
github.com/gotasma/internal/app/user/services.go:114.2,115.16 2 1
github.com/gotasma/internal/app/user/services.go:119.2,131.52 3 1
github.com/gotasma/internal/app/user/services.go:136.2,136.26 1 1
github.com/gotasma/internal/app/user/services.go:93.93,95.3 1 1
github.com/gotasma/internal/app/user/services.go:96.48,100.3 3 1
github.com/gotasma/internal/app/user/services.go:103.42,106.3 2 1
github.com/gotasma/internal/app/user/services.go:108.25,112.3 3 1
github.com/gotasma/internal/app/user/services.go:115.16,117.3 1 0
github.com/gotasma/internal/app/user/services.go:131.52,134.3 2 1
github.com/gotasma/internal/app/user/services.go:139.65,141.16 2 1
github.com/gotasma/internal/app/user/services.go:145.2,145.24 1 1
github.com/gotasma/internal/app/user/services.go:141.16,144.3 2 0
github.com/gotasma/internal/app/user/services.go:148.90,150.42 2 1
github.com/gotasma/internal/app/user/services.go:154.2,154.27 1 1
github.com/gotasma/internal/app/user/services.go:158.2,158.95 1 1
github.com/gotasma/internal/app/user/services.go:162.2,162.26 1 1
github.com/gotasma/internal/app/user/services.go:150.42,153.3 2 1
github.com/gotasma/internal/app/user/services.go:154.27,157.3 2 1
github.com/gotasma/internal/app/user/services.go:158.95,161.3 2 1
github.com/gotasma/internal/app/user/services.go:165.78,166.93 1 1
github.com/gotasma/internal/app/user/services.go:170.2,173.16 3 1
github.com/gotasma/internal/app/user/services.go:178.2,179.28 2 1
github.com/gotasma/internal/app/user/services.go:191.2,191.18 1 1
github.com/gotasma/internal/app/user/services.go:166.93,168.3 1 1
github.com/gotasma/internal/app/user/services.go:173.16,176.3 2 1
github.com/gotasma/internal/app/user/services.go:179.28,190.3 1 1
github.com/gotasma/internal/app/user/services.go:194.64,195.93 1 1
github.com/gotasma/internal/app/user/services.go:199.2,200.42 2 1
github.com/gotasma/internal/app/user/services.go:205.2,205.27 1 1
github.com/gotasma/internal/app/user/services.go:209.2,209.27 1 1
github.com/gotasma/internal/app/user/services.go:214.2,214.31 1 1
github.com/gotasma/internal/app/user/services.go:195.93,197.3 1 1
github.com/gotasma/internal/app/user/services.go:200.42,203.3 2 1
github.com/gotasma/internal/app/user/services.go:205.27,208.3 2 1
github.com/gotasma/internal/app/user/services.go:209.27,212.3 2 1
github.com/gotasma/internal/app/user/services.go:217.87,221.42 2 1
github.com/gotasma/internal/app/user/services.go:226.2,226.27 1 1
github.com/gotasma/internal/app/user/services.go:231.2,231.16 1 1
github.com/gotasma/internal/app/user/services.go:221.42,224.3 2 1
github.com/gotasma/internal/app/user/services.go:226.27,229.3 2 1
github.com/gotasma/internal/app/user/services.go:234.97,239.42 2 1
github.com/gotasma/internal/app/user/services.go:244.2,244.27 1 1
github.com/gotasma/internal/app/user/services.go:249.2,250.28 2 1
github.com/gotasma/internal/app/user/services.go:262.2,262.18 1 1
github.com/gotasma/internal/app/user/services.go:239.42,242.3 2 1
github.com/gotasma/internal/app/user/services.go:244.27,247.3 2 1
github.com/gotasma/internal/app/user/services.go:250.28,261.3 1 1
